This file contains any messages produced by compilers while
running configure, to aid debugging if configure makes a mistake.

It was created by configure, which was
generated by GNU Autoconf 2.61.  Invocation command line was

  $ ./configure 

## --------- ##
## Platform. ##
## --------- ##

hostname = mahmud
uname -m = x86_64
uname -r = 6.6.87.2-microsoft-standard-WSL2
uname -s = Linux
uname -v = #1 SMP PREEMPT_DYNAMIC Thu Jun  5 18:30:46 UTC 2025

/usr/bin/uname -p = x86_64
/bin/uname -X     = unknown

/bin/arch              = x86_64
/usr/bin/arch -k       = unknown
/usr/convex/getsysinfo = unknown
/usr/bin/hostinfo      = unknown
/bin/machine           = unknown
/usr/bin/oslevel       = unknown
/bin/universe          = unknown

PATH: /home/mahmud/scripts
PATH: /home/mahmud/scripts
PATH: /home/mahmud/.nvm/versions/node/v22.17.0/bin
PATH: /usr/local/sbin
PATH: /usr/local/bin
PATH: /usr/sbin
PATH: /usr/bin
PATH: /sbin
PATH: /bin
PATH: /usr/games
PATH: /usr/local/games
PATH: /usr/lib/wsl/lib
PATH: /mnt/c/Windows/system32
PATH: /mnt/c/Windows
PATH: /mnt/c/Windows/System32/Wbem
PATH: /mnt/c/Windows/System32/WindowsPowerShell/v1.0/
PATH: /mnt/c/Windows/System32/OpenSSH/
PATH: /mnt/c/Program Files (x86)/NVIDIA Corporation/PhysX/Common
PATH: /mnt/c/Program Files/dotnet/
PATH: /mnt/c/Program Files/NVIDIA Corporation/NVIDIA app/NvDLISR
PATH: /mnt/c/Program Files/Git/cmd
PATH: /mnt/c/Program Files/PowerShell/7/
PATH: /mnt/c/nvm
PATH: /mnt/c/Program Files/nodejs
PATH: /mnt/c/Users/GT/AppData/Local/Programs/Python/Python313/Scripts/
PATH: /mnt/c/Users/GT/AppData/Local/Programs/Python/Python313/
PATH: /mnt/c/Users/GT/AppData/Local/Programs/Python/Launcher/
PATH: /mnt/c/Users/GT/AppData/Local/Programs/Python/Python312/Scripts/
PATH: /mnt/c/Users/GT/AppData/Local/Programs/Python/Python312/
PATH: /mnt/c/Users/GT/AppData/Local/Microsoft/WindowsApps
PATH: /mnt/c/Users/GT/AppData/Local/Programs/Microsoft VS Code/bin
PATH: /mnt/c/MinGW/bin
PATH: /mnt/c/Program Files/MongoDB/Server/8.0/bin
PATH: /mnt/c/Users/GT/AppData/Local/Programs/oh-my-posh/bin
PATH: /mnt/c/Users/GT/AppData/Local/Programs/cursor/resources/app/bin
PATH: /mnt/c/nvm
PATH: /mnt/c/Program Files/nodejs


## ----------- ##
## Core tests. ##
## ----------- ##

configure:1737: checking build system type
configure:1755: result: x86_64-unknown-linux-gnu
configure:1777: checking host system type
configure:1792: result: x86_64-unknown-linux-gnu
configure:1874: checking for gcc
configure:1890: found /usr/bin/gcc
configure:1901: result: gcc
configure:2139: checking for C compiler version
configure:2146: gcc --version >&5
gcc (Ubuntu 13.3.0-6ubuntu2~24.04) 13.3.0
Copyright (C) 2023 Free Software Foundation, Inc.
This is free software; see the source for copying conditions.  There is NO
warranty; not even for MERCHANTABILITY or FITNESS FOR A PARTICULAR PURPOSE.

configure:2149: $? = 0
configure:2156: gcc -v >&5
Using built-in specs.
COLLECT_GCC=gcc
COLLECT_LTO_WRAPPER=/usr/libexec/gcc/x86_64-linux-gnu/13/lto-wrapper
OFFLOAD_TARGET_NAMES=nvptx-none:amdgcn-amdhsa
OFFLOAD_TARGET_DEFAULT=1
Target: x86_64-linux-gnu
Configured with: ../src/configure -v --with-pkgversion='Ubuntu 13.3.0-6ubuntu2~24.04' --with-bugurl=file:///usr/share/doc/gcc-13/README.Bugs --enable-languages=c,ada,c++,go,d,fortran,objc,obj-c++,m2 --prefix=/usr --with-gcc-major-version-only --program-suffix=-13 --program-prefix=x86_64-linux-gnu- --enable-shared --enable-linker-build-id --libexecdir=/usr/libexec --without-included-gettext --enable-threads=posix --libdir=/usr/lib --enable-nls --enable-bootstrap --enable-clocale=gnu --enable-libstdcxx-debug --enable-libstdcxx-time=yes --with-default-libstdcxx-abi=new --enable-libstdcxx-backtrace --enable-gnu-unique-object --disable-vtable-verify --enable-plugin --enable-default-pie --with-system-zlib --enable-libphobos-checking=release --with-target-system-zlib=auto --enable-objc-gc=auto --enable-multiarch --disable-werror --enable-cet --with-arch-32=i686 --with-abi=m64 --with-multilib-list=m32,m64,mx32 --enable-multilib --with-tune=generic --enable-offload-targets=nvptx-none=/build/gcc-13-fG75Ri/gcc-13-13.3.0/debian/tmp-nvptx/usr,amdgcn-amdhsa=/build/gcc-13-fG75Ri/gcc-13-13.3.0/debian/tmp-gcn/usr --enable-offload-defaulted --without-cuda-driver --enable-checking=release --build=x86_64-linux-gnu --host=x86_64-linux-gnu --target=x86_64-linux-gnu --with-build-config=bootstrap-lto-lean --enable-link-serialization=2
Thread model: posix
Supported LTO compression algorithms: zlib zstd
gcc version 13.3.0 (Ubuntu 13.3.0-6ubuntu2~24.04) 
configure:2159: $? = 0
configure:2166: gcc -V >&5
gcc: error: unrecognized command-line option '-V'
gcc: fatal error: no input files
compilation terminated.
configure:2169: $? = 1
configure:2192: checking for C compiler default output file name
configure:2219: gcc    conftest.c  >&5
configure:2222: $? = 0
configure:2260: result: a.out
configure:2277: checking whether the C compiler works
configure:2287: ./a.out
configure:2290: $? = 0
configure:2307: result: yes
configure:2314: checking whether we are cross compiling
configure:2316: result: no
configure:2319: checking for suffix of executables
configure:2326: gcc -o conftest    conftest.c  >&5
configure:2329: $? = 0
configure:2353: result: 
configure:2359: checking for suffix of object files
configure:2385: gcc -c   conftest.c >&5
configure:2388: $? = 0
configure:2411: result: o
configure:2415: checking whether we are using the GNU C compiler
configure:2444: gcc -c   conftest.c >&5
configure:2450: $? = 0
configure:2467: result: yes
configure:2472: checking whether gcc accepts -g
configure:2502: gcc -c -g  conftest.c >&5
configure:2508: $? = 0
configure:2607: result: yes
configure:2624: checking for gcc option to accept ISO C89
configure:2698: gcc  -c -g -O2  conftest.c >&5
configure:2704: $? = 0
configure:2727: result: none needed
configure:2776: checking for a BSD-compatible install
configure:2832: result: /usr/bin/install -c
configure:2848: checking for strerror
configure:2904: gcc -o conftest -g -O2 -pipe -Wno-unused -Wshadow -Wbad-function-cast -Wmissing-prototypes -Wstrict-prototypes -Wcast-align -Wcast-qual -Wpointer-arith -Wcast-align -Wwrite-strings -Wmissing-declarations -Wnested-externs -Wundef -pedantic -fno-common   -g conftest.c  >&5
conftest.c:31:1: warning: function declaration isn't a prototype [-Wstrict-prototypes]
   31 | char strerror ();
      | ^~~~
conftest.c:40:1: warning: function declaration isn't a prototype [-Wstrict-prototypes]
   40 | main ()
      | ^~~~
configure:2910: $? = 0
configure:2928: result: yes
configure:2938: checking for library containing regcomp
configure:2979: gcc -o conftest -g -O2 -pipe -Wno-unused -Wshadow -Wbad-function-cast -Wmissing-prototypes -Wstrict-prototypes -Wcast-align -Wcast-qual -Wpointer-arith -Wcast-align -Wwrite-strings -Wmissing-declarations -Wnested-externs -Wundef -pedantic -fno-common   -g conftest.c  >&5
conftest.c:16:1: warning: function declaration isn't a prototype [-Wstrict-prototypes]
   16 | char regcomp ();
      | ^~~~
conftest.c:18:1: warning: function declaration isn't a prototype [-Wstrict-prototypes]
   18 | main ()
      | ^~~~
configure:2985: $? = 0
configure:3013: result: none required
configure:3022: checking for broken realloc
configure:3060: gcc -o conftest -g -O2 -pipe -Wno-unused -Wshadow -Wbad-function-cast -Wmissing-prototypes -Wstrict-prototypes -Wcast-align -Wcast-qual -Wpointer-arith -Wcast-align -Wwrite-strings -Wmissing-declarations -Wnested-externs -Wundef -pedantic -fno-common   -g conftest.c  >&5
conftest.c: In function 'main':
conftest.c:21:3: warning: ignoring return value of 'realloc' declared with attribute 'warn_unused_result' [-Wunused-result]
   21 |   realloc((void*)0,1);
      |   ^~~~~~~~~~~~~~~~~~~
configure:3063: $? = 0
configure:3069: ./conftest
configure:3072: $? = 0
configure:3074: result: no
configure:3096: checking for msgfmt
configure:3124: result: no
configure:4104: creating ./config.status

## ---------------------- ##
## Running config.status. ##
## ---------------------- ##

This file was extended by config.status, which was
generated by GNU Autoconf 2.61.  Invocation command line was

  CONFIG_FILES    = 
  CONFIG_HEADERS  = 
  CONFIG_LINKS    = 
  CONFIG_COMMANDS = 
  $ ./config.status 

on mahmud

config.status:614: creating Makefile
config.status:614: creating diction.1
config.status:614: creating diction.texi
config.status:614: creating diction.spec
config.status:614: creating style.1
config.status:614: creating test/rundiction
config.status:614: creating config.h

## ---------------- ##
## Cache variables. ##
## ---------------- ##

ac_cv_build=x86_64-unknown-linux-gnu
ac_cv_c_compiler_gnu=yes
ac_cv_env_CC_set=
ac_cv_env_CC_value=
ac_cv_env_CFLAGS_set=
ac_cv_env_CFLAGS_value=
ac_cv_env_CPPFLAGS_set=
ac_cv_env_CPPFLAGS_value=
ac_cv_env_CPP_set=
ac_cv_env_CPP_value=
ac_cv_env_LDFLAGS_set=
ac_cv_env_LDFLAGS_value=
ac_cv_env_LIBS_set=
ac_cv_env_LIBS_value=
ac_cv_env_build_alias_set=
ac_cv_env_build_alias_value=
ac_cv_env_host_alias_set=
ac_cv_env_host_alias_value=
ac_cv_env_target_alias_set=
ac_cv_env_target_alias_value=
ac_cv_func_strerror=yes
ac_cv_host=x86_64-unknown-linux-gnu
ac_cv_objext=o
ac_cv_path_install='/usr/bin/install -c'
ac_cv_prog_MSGFMT=no
ac_cv_prog_ac_ct_CC=gcc
ac_cv_prog_cc_c89=
ac_cv_prog_cc_g=yes
ac_cv_search_regcomp='none required'

## ----------------- ##
## Output variables. ##
## ----------------- ##

CC='gcc'
CFLAGS='-g -O2 -pipe -Wno-unused -Wshadow -Wbad-function-cast -Wmissing-prototypes -Wstrict-prototypes -Wcast-align -Wcast-qual -Wpointer-arith -Wcast-align -Wwrite-strings -Wmissing-declarations -Wnested-externs -Wundef -pedantic -fno-common'
CPP=''
CPPFLAGS=''
DATADIR='${prefix}/share'
DEFS='-DHAVE_CONFIG_H'
ECHO_C=''
ECHO_N='-n'
ECHO_T=''
EGREP=''
EXEEXT=''
GREP=''
INSTALL_DATA='${INSTALL} -m 644'
INSTALL_PROGRAM='${INSTALL}'
INSTALL_SCRIPT='${INSTALL}'
LDFLAGS=' -g'
LIBOBJS=''
LIBS=''
LTLIBOBJS=''
MSGFMT='no'
OBJEXT='o'
PACKAGE_BUGREPORT=''
PACKAGE_NAME=''
PACKAGE_STRING=''
PACKAGE_TARNAME=''
PACKAGE_VERSION=''
PATH_SEPARATOR=':'
SHELL='/bin/bash'
UPDATED='August 30th, 2007'
USE_NLS='no'
VALGRIND=''
VERSION='1.11'
ac_ct_CC='gcc'
bindir='${exec_prefix}/bin'
build='x86_64-unknown-linux-gnu'
build_alias=''
build_cpu='x86_64'
build_os='linux-gnu'
build_vendor='unknown'
datadir='${datarootdir}'
datarootdir='${prefix}/share'
docdir='${datarootdir}/doc/${PACKAGE}'
dvidir='${docdir}'
exec_prefix='${prefix}'
host='x86_64-unknown-linux-gnu'
host_alias=''
host_cpu='x86_64'
host_os='linux-gnu'
host_vendor='unknown'
htmldir='${docdir}'
includedir='${prefix}/include'
infodir='${datarootdir}/info'
libdir='${exec_prefix}/lib'
libexecdir='${exec_prefix}/libexec'
localedir='${datarootdir}/locale'
localstatedir='${prefix}/var'
mandir='${datarootdir}/man'
oldincludedir='/usr/include'
pdfdir='${docdir}'
prefix='/usr/local'
program_transform_name='s,x,x,'
psdir='${docdir}'
sbindir='${exec_prefix}/sbin'
sharedstatedir='${prefix}/com'
sysconfdir='${prefix}/etc'
target_alias=''

## ----------- ##
## confdefs.h. ##
## ----------- ##

#define PACKAGE_NAME ""
#define PACKAGE_TARNAME ""
#define PACKAGE_VERSION ""
#define PACKAGE_STRING ""
#define PACKAGE_BUGREPORT ""
#define HAVE_STRERROR 1
#define VERSION "1.11"

configure: exit 0
